PLINK v2.0.0-a.6.5 M1 (22 Dec 2024)
Options in effect:
  --double-id
  --make-bed
  --out projects/human_esr/ref/1kg_eur_ld/1kg.EUR.ESR1
  --set-missing-var-ids @:#
  --vcf projects/human_esr/ref/1kg_eur_ld/1kg.EUR.chr6.ESR1.vcf.gz

Hostname: yuewenhaodeMacBook-Air.local
Working directory: /Users/yuewenhao/Desktop/side_project/bioinformatics
Start time: Mon Feb  2 09:32:53 2026

Random number seed: 1769995973
8192 MiB RAM detected; reserving 4096 MiB for main workspace.
Using up to 8 compute threads.
--vcf: 304230 variants scanned.
--vcf: projects/human_esr/ref/1kg_eur_ld/1kg.EUR.ESR1-temporary.pgen +
projects/human_esr/ref/1kg_eur_ld/1kg.EUR.ESR1-temporary.pvar.zst +
projects/human_esr/ref/1kg_eur_ld/1kg.EUR.ESR1-temporary.psam written.
503 samples (0 females, 0 males, 503 ambiguous; 503 founders) loaded from
projects/human_esr/ref/1kg_eur_ld/1kg.EUR.ESR1-temporary.psam.
304230 variants loaded from
projects/human_esr/ref/1kg_eur_ld/1kg.EUR.ESR1-temporary.pvar.zst.
Note: No phenotype data present.
Writing projects/human_esr/ref/1kg_eur_ld/1kg.EUR.ESR1.fam ... done.
Writing projects/human_esr/ref/1kg_eur_ld/1kg.EUR.ESR1.bim ... done.
Writing projects/human_esr/ref/1kg_eur_ld/1kg.EUR.ESR1.bed ... done.

End time: Mon Feb  2 09:32:54 2026
